This is pdfTeX, Version 3.141592653-2.6-1.40.25 (TeX Live 2023/Debian) (preloaded format=pdflatex 2024.11.24)  18 DEC 2024 22:01
entering extended mode
 restricted \write18 enabled.
 %&-line parsing enabled.
**DHCP.tex
(./DHCP.tex
LaTeX2e <2023-11-01> patch level 1
L3 programming layer <2024-01-22>
! Undefined control sequence.
l.1 \section
            {DHCP Konfiguration}
The control sequence at the end of the top line
of your error message was never \def'ed. If you have
misspelled it (e.g., `\hobx'), type `I' and the correct
spelling (e.g., `I\hbox'). Otherwise just continue,
and I'll forget about whatever was undefined.


! LaTeX Error: Missing \begin{document}.

See the LaTeX manual or LaTeX Companion for explanation.
Type  H <return>  for immediate help.
 ...                                              
                                                  
l.1 \section{D
              HCP Konfiguration}
You're in trouble here.  Try typing  <return>  to proceed.
If that doesn't work, type  X <return>  to quit.

Missing character: There is no D in font nullfont!
Missing character: There is no H in font nullfont!
Missing character: There is no C in font nullfont!
Missing character: There is no P in font nullfont!
Missing character: There is no K in font nullfont!
Missing character: There is no o in font nullfont!
Missing character: There is no n in font nullfont!
Missing character: There is no f in font nullfont!
Missing character: There is no i in font nullfont!
Missing character: There is no g in font nullfont!
Missing character: There is no u in font nullfont!
Missing character: There is no r in font nullfont!
Missing character: There is no a in font nullfont!
Missing character: There is no t in font nullfont!
Missing character: There is no i in font nullfont!
Missing character: There is no o in font nullfont!
Missing character: There is no n in font nullfont!
! Undefined control sequence.
l.2 \subsection
               {Set IP Adresse}
The control sequence at the end of the top line
of your error message was never \def'ed. If you have
misspelled it (e.g., `\hobx'), type `I' and the correct
spelling (e.g., `I\hbox'). Otherwise just continue,
and I'll forget about whatever was undefined.

Missing character: There is no S in font nullfont!
Missing character: There is no e in font nullfont!
Missing character: There is no t in font nullfont!
Missing character: There is no I in font nullfont!
Missing character: There is no P in font nullfont!
Missing character: There is no A in font nullfont!
Missing character: There is no d in font nullfont!
Missing character: There is no r in font nullfont!
Missing character: There is no e in font nullfont!
Missing character: There is no s in font nullfont!
Missing character: There is no s in font nullfont!
Missing character: There is no e in font nullfont!
LaTeX Font Info:    External font `cmex10' loaded for size
(Font)              <7> on input line 3.
LaTeX Font Info:    External font `cmex10' loaded for size
(Font)              <5> on input line 3.

Overfull \hbox (20.0pt too wide) in paragraph at lines 1--4
[]
 []


Overfull \hbox (22.71094pt too wide) in paragraph at lines 1--4
\OT1/cmr/bx/it/10 Auf-
 []


Overfull \hbox (31.93297pt too wide) in paragraph at lines 1--4
\OT1/cmr/bx/it/10 gaben-
 []


Overfull \hbox (21.15256pt too wide) in paragraph at lines 1--4
\OT1/cmr/bx/it/10 stel-
 []


Overfull \hbox (24.54974pt too wide) in paragraph at lines 1--4
\OT1/cmr/bx/it/10 lung:
 []


Overfull \hbox (23.7665pt too wide) in paragraph at lines 1--4
\OT1/cmr/m/it/10 Stelle
 []


Overfull \hbox (16.35545pt too wide) in paragraph at lines 1--4
\OT1/cmr/m/it/10 ein,
 []


Overfull \hbox (18.3999pt too wide) in paragraph at lines 1--4
\OT1/cmr/m/it/10 dass
 []


Overfull \hbox (14.23325pt too wide) in paragraph at lines 1--4
\OT1/cmr/m/it/10 Fix
 []


Overfull \hbox (35.4792pt too wide) in paragraph at lines 1--4
\OML/cmm/m/it/10 x:x:x:\OT1/cmr/m/n/10 10$
 []


Overfull \hbox (3.57774pt too wide) in paragraph at lines 1--4
\OT1/cmr/m/it/10 -
 []


Overfull \hbox (35.4792pt too wide) in paragraph at lines 1--4
\OML/cmm/m/it/10 x:x:x:\OT1/cmr/m/n/10 99$
 []


Overfull \hbox (14.21657pt too wide) in paragraph at lines 1--4
\OT1/cmr/m/it/10 IP-
 []


Overfull \hbox (38.7386pt too wide) in paragraph at lines 1--4
\OT1/cmr/m/it/10 Adressen
 []


Overfull \hbox (29.4428pt too wide) in paragraph at lines 1--4
\OT1/cmr/m/it/10 vergibt 
 []


! LaTeX Error: Missing \begin{document}.

See the LaTeX manual or LaTeX Companion for explanation.
Type  H <return>  for immediate help.
 ...                                              
                                                  
l.5 \begin{itemize}
                   
You're in trouble here.  Try typing  <return>  to proceed.
If that doesn't work, type  X <return>  to quit.


Overfull \hbox (20.0pt too wide) in paragraph at lines 5--5
[] 
 []

LaTeX Font Info:    Trying to load font information for +cmr on input line 6.
LaTeX Font Info:    No file cmr.fd. on input line 6.

LaTeX Font Warning: Font shape `/cmr/m/n' undefined
(Font)              using `/cmr/m/n' instead on input line 6.

! Corrupted NFSS tables.
wrong@fontshape ...message {Corrupted NFSS tables}
                                                  error@fontshape else let f...
l.6 \item Ö
            ffne die DHCP-Config file auf dem Router, schreibe folgende Zeil...
This error message was generated by an \errmessage
command, so I can't give any explicit help.
Pretend that you're Hercule Poirot: Examine all clues,
and deduce the truth by order and method.


LaTeX Font Warning: Font shape `/cmr/m/n' undefined
(Font)              using `OT1/cmr/m/n' instead on input line 6.

Missing character: There is no f in font nullfont!
Missing character: There is no f in font nullfont!
Missing character: There is no n in font nullfont!
Missing character: There is no e in font nullfont!
Missing character: There is no d in font nullfont!
Missing character: There is no i in font nullfont!
Missing character: There is no e in font nullfont!
Missing character: There is no D in font nullfont!
Missing character: There is no H in font nullfont!
Missing character: There is no C in font nullfont!
Missing character: There is no P in font nullfont!
Missing character: There is no - in font nullfont!
Missing character: There is no C in font nullfont!
Missing character: There is no o in font nullfont!
Missing character: There is no n in font nullfont!
Missing character: There is no f in font nullfont!
Missing character: There is no i in font nullfont!
Missing character: There is no g in font nullfont!
Missing character: There is no f in font nullfont!
Missing character: There is no i in font nullfont!
Missing character: There is no l in font nullfont!
Missing character: There is no e in font nullfont!
Missing character: There is no a in font nullfont!
Missing character: There is no u in font nullfont!
Missing character: There is no f in font nullfont!
Missing character: There is no d in font nullfont!
Missing character: There is no e in font nullfont!
Missing character: There is no m in font nullfont!
Missing character: There is no R in font nullfont!
Missing character: There is no o in font nullfont!
Missing character: There is no u in font nullfont!
Missing character: There is no t in font nullfont!
Missing character: There is no e in font nullfont!
Missing character: There is no r in font nullfont!
Missing character: There is no , in font nullfont!
Missing character: There is no s in font nullfont!
Missing character: There is no c in font nullfont!
Missing character: There is no h in font nullfont!
Missing character: There is no r in font nullfont!
Missing character: There is no e in font nullfont!
Missing character: There is no i in font nullfont!
Missing character: There is no b in font nullfont!
Missing character: There is no e in font nullfont!
Missing character: There is no f in font nullfont!
Missing character: There is no o in font nullfont!
Missing character: There is no l in font nullfont!
Missing character: There is no g in font nullfont!
Missing character: There is no e in font nullfont!
Missing character: There is no n in font nullfont!
Missing character: There is no d in font nullfont!
Missing character: There is no e in font nullfont!
Missing character: There is no Z in font nullfont!
Missing character: There is no e in font nullfont!
Missing character: There is no i in font nullfont!
Missing character: There is no l in font nullfont!
Missing character: There is no e in font nullfont!
Missing character: There is no n in font nullfont!
Missing character: There is no i in font nullfont!
Missing character: There is no n in font nullfont!
Missing character: There is no d in font nullfont!
Missing character: There is no i in font nullfont!
Missing character: There is no e in font nullfont!
Missing character: There is no F in font nullfont!
Missing character: There is no i in font nullfont!
Missing character: There is no l in font nullfont!
Missing character: There is no e in font nullfont!
Missing character: There is no u in font nullfont!
Missing character: There is no n in font nullfont!
Missing character: There is no d in font nullfont!
Missing character: There is no r in font nullfont!
Missing character: There is no e in font nullfont!
Missing character: There is no s in font nullfont!
Missing character: There is no t in font nullfont!
Missing character: There is no a in font nullfont!
Missing character: There is no r in font nullfont!
Missing character: There is no t in font nullfont!
Missing character: There is no d in font nullfont!
Missing character: There is no e in font nullfont!
Missing character: There is no n in font nullfont!
Missing character: There is no s in font nullfont!
Missing character: There is no e in font nullfont!
Missing character: There is no r in font nullfont!
Missing character: There is no v in font nullfont!
Missing character: There is no i in font nullfont!
Missing character: There is no c in font nullfont!
Missing character: There is no e in font nullfont!

Overfull \hbox (12.77782pt too wide) in paragraph at lines 6--7
\/cmr/m/n/10 ^^?O
 []


Overfull \hbox (99.74913pt too wide) in paragraph at lines 9--9
[]\OT1/cmtt/m/n/10 vi /etc/config/dhcp[] 
 []


Overfull \hbox (43.70111pt too wide) in paragraph at lines 11--12
\OT1/cmr/bx/n/10 Gateway
 []


Overfull \hbox (18.1124pt too wide) in paragraph at lines 11--12
\OT1/cmr/bx/n/10 set-
 []


Overfull \hbox (16.77075pt too wide) in paragraph at lines 11--12
\OT1/cmr/bx/n/10 zen 
 []


Overfull \hbox (89.24922pt too wide) in paragraph at lines 24--24
[]\OT1/cmtt/m/n/10 config dhcp 'lan'[] 
 []


Overfull \hbox (157.49863pt too wide) in paragraph at lines 24--24
[]        \OT1/cmtt/m/n/10 option interface 'lan'[] 
 []


Overfull \hbox (188.99835pt too wide) in paragraph at lines 24--24
[]        \OT1/cmtt/m/n/10 option start '10'  ## Change[] 
 []


Overfull \hbox (188.99835pt too wide) in paragraph at lines 24--24
[]        \OT1/cmtt/m/n/10 option limit '99'  ## Change[] 
 []


Overfull \hbox (215.24812pt too wide) in paragraph at lines 24--24
[]        \OT1/cmtt/m/n/10 option leasetime '1h'   ## Change[] 
 []


Overfull \hbox (157.49863pt too wide) in paragraph at lines 24--24
[]        \OT1/cmtt/m/n/10 option dhcpv4 'server'[] 
 []


Overfull \hbox (157.49863pt too wide) in paragraph at lines 24--24
[]        \OT1/cmtt/m/n/10 option dhcpv6 'server'[] 
 []


Overfull \hbox (136.49881pt too wide) in paragraph at lines 24--24
[]        \OT1/cmtt/m/n/10 option ra 'server'[] 
 []


Overfull \hbox (141.74876pt too wide) in paragraph at lines 24--24
[]        \OT1/cmtt/m/n/10 option ra_slaac '1'[] 
 []


Overfull \hbox (199.49826pt too wide) in paragraph at lines 24--24
[]        \OT1/cmtt/m/n/10 list ra_flags 'managed-config'[] 
 []


Overfull \hbox (188.99835pt too wide) in paragraph at lines 24--24
[]        \OT1/cmtt/m/n/10 list ra_flags 'other-config'[] 
 []


! LaTeX Error: Environment Huge undefined.

See the LaTeX manual or LaTeX Companion for explanation.
Type  H <return>  for immediate help.
 ...                                              
                                                  
l.27 \begin{Huge}
                  Frage TK \end{Huge}
Your command was ignored.
Type  I <command> <return>  to replace it with another command,
or  <return>  to continue without it.

Missing character: There is no F in font nullfont!
Missing character: There is no r in font nullfont!
Missing character: There is no a in font nullfont!
Missing character: There is no g in font nullfont!
Missing character: There is no e in font nullfont!
Missing character: There is no T in font nullfont!
Missing character: There is no K in font nullfont!

! LaTeX Error: \begin{itemize} on input line 5 ended by \end{Huge}.

See the LaTeX manual or LaTeX Companion for explanation.
Type  H <return>  for immediate help.
 ...                                              
                                                  
l.27 \begin{Huge} Frage TK \end{Huge}
                                     
Your command was ignored.
Type  I <command> <return>  to replace it with another command,
or  <return>  to continue without it.


Overfull \hbox (47.91644pt too wide) in paragraph at lines 26--28
\OT1/cmr/bx/n/10 Netzwerk
 []


Overfull \hbox (56.12608pt too wide) in paragraph at lines 26--28
\OT1/cmr/bx/n/10 Neustarten
 []


Overfull \hbox (141.74876pt too wide) in paragraph at lines 31--31
[]\OT1/cmtt/m/n/10 /etc/init.d/network restart[] 
 []


Overfull \hbox (136.49881pt too wide) in paragraph at lines 31--31
[]\OT1/cmtt/m/n/10 /etc/init.d/network reload[] 
 []


! LaTeX Error: The font size command \normalsize is not defined:
               there is probably something wrong with the class file.

See the LaTeX manual or LaTeX Companion for explanation.
Type  H <return>  for immediate help.
 ...                                              
                                                  
l.34 \newpage
             
Your command was ignored.
Type  I <command> <return>  to replace it with another command,
or  <return>  to continue without it.

[1{/var/lib/texmf/fonts/map/pdftex/updmap/pdftex.map}]
! Undefined control sequence.
l.36 \subsection
                {Fix IP Adresse auf MAC Adresse}
The control sequence at the end of the top line
of your error message was never \def'ed. If you have
misspelled it (e.g., `\hobx'), type `I' and the correct
spelling (e.g., `I\hbox'). Otherwise just continue,
and I'll forget about whatever was undefined.

Missing character: There is no F in font nullfont!
Missing character: There is no i in font nullfont!
Missing character: There is no x in font nullfont!
Missing character: There is no I in font nullfont!
Missing character: There is no P in font nullfont!
Missing character: There is no A in font nullfont!
Missing character: There is no d in font nullfont!
Missing character: There is no r in font nullfont!
Missing character: There is no e in font nullfont!
Missing character: There is no s in font nullfont!
Missing character: There is no s in font nullfont!
Missing character: There is no e in font nullfont!
Missing character: There is no a in font nullfont!
Missing character: There is no u in font nullfont!
Missing character: There is no f in font nullfont!
Missing character: There is no M in font nullfont!
Missing character: There is no A in font nullfont!
Missing character: There is no C in font nullfont!
Missing character: There is no A in font nullfont!
Missing character: There is no d in font nullfont!
Missing character: There is no r in font nullfont!
Missing character: There is no e in font nullfont!
Missing character: There is no s in font nullfont!
Missing character: There is no s in font nullfont!
Missing character: There is no e in font nullfont!

Overfull \hbox (20.0pt too wide) in paragraph at lines 36--38
[]
 []


Overfull \hbox (22.71094pt too wide) in paragraph at lines 36--38
\OT1/cmr/bx/it/10 Auf-
 []


Overfull \hbox (31.93297pt too wide) in paragraph at lines 36--38
\OT1/cmr/bx/it/10 gaben-
 []


Overfull \hbox (21.15256pt too wide) in paragraph at lines 36--38
\OT1/cmr/bx/it/10 stel-
 []


Overfull \hbox (24.54974pt too wide) in paragraph at lines 36--38
\OT1/cmr/bx/it/10 lung:
 []


Overfull \hbox (23.7665pt too wide) in paragraph at lines 36--38
\OT1/cmr/m/it/10 Stelle
 []


Overfull \hbox (16.35545pt too wide) in paragraph at lines 36--38
\OT1/cmr/m/it/10 ein,
 []


Overfull \hbox (18.3999pt too wide) in paragraph at lines 36--38
\OT1/cmr/m/it/10 dass
 []


Overfull \hbox (17.88876pt too wide) in paragraph at lines 36--38
\OT1/cmr/m/it/10 eine
 []


Overfull \hbox (14.86102pt too wide) in paragraph at lines 36--38
\OT1/cmr/m/it/10 fixe
 []


Overfull \hbox (26.87758pt too wide) in paragraph at lines 36--38
\OT1/cmr/m/it/10 MAC-
 []


Overfull \hbox (33.11641pt too wide) in paragraph at lines 36--38
\OT1/cmr/m/it/10 Adresse
 []


Overfull \hbox (14.82213pt too wide) in paragraph at lines 36--38
\OT1/cmr/m/it/10 im-
 []


Overfull \hbox (16.99432pt too wide) in paragraph at lines 36--38
\OT1/cmr/m/it/10 mer
 []


Overfull \hbox (12.7777pt too wide) in paragraph at lines 36--38
\OT1/cmr/m/it/10 die
 []


Overfull \hbox (15.3332pt too wide) in paragraph at lines 36--38
\OT1/cmr/m/it/10 gle-
 []


Overfull \hbox (17.37766pt too wide) in paragraph at lines 36--38
\OT1/cmr/m/it/10 iche
 []


Overfull \hbox (10.63882pt too wide) in paragraph at lines 36--38
\OT1/cmr/m/it/10 IP
 []


Overfull \hbox (47.27747pt too wide) in paragraph at lines 36--38
\OT1/cmr/m/it/10 zugewiesen
 []


Overfull \hbox (39.02611pt too wide) in paragraph at lines 36--38
\OT1/cmr/m/it/10 bekommt 
 []


Overfull \hbox (20.0pt too wide) in paragraph at lines 39--39
[] 
 []

Missing character: There is no f in font nullfont!
Missing character: There is no f in font nullfont!
Missing character: There is no n in font nullfont!
Missing character: There is no e in font nullfont!
Missing character: There is no d in font nullfont!
Missing character: There is no i in font nullfont!
Missing character: There is no e in font nullfont!
Missing character: There is no D in font nullfont!
Missing character: There is no H in font nullfont!
Missing character: There is no C in font nullfont!
Missing character: There is no P in font nullfont!
Missing character: There is no - in font nullfont!
Missing character: There is no C in font nullfont!
Missing character: There is no o in font nullfont!
Missing character: There is no n in font nullfont!
Missing character: There is no f in font nullfont!
Missing character: There is no i in font nullfont!
Missing character: There is no g in font nullfont!
Missing character: There is no f in font nullfont!
Missing character: There is no i in font nullfont!
Missing character: There is no l in font nullfont!
Missing character: There is no e in font nullfont!
Missing character: There is no a in font nullfont!
Missing character: There is no u in font nullfont!
Missing character: There is no f in font nullfont!
Missing character: There is no d in font nullfont!
Missing character: There is no e in font nullfont!
Missing character: There is no m in font nullfont!
Missing character: There is no R in font nullfont!
Missing character: There is no o in font nullfont!
Missing character: There is no u in font nullfont!
Missing character: There is no t in font nullfont!
Missing character: There is no e in font nullfont!
Missing character: There is no r in font nullfont!
Missing character: There is no , in font nullfont!
Missing character: There is no s in font nullfont!
Missing character: There is no c in font nullfont!
Missing character: There is no h in font nullfont!
Missing character: There is no r in font nullfont!
Missing character: There is no e in font nullfont!
Missing character: There is no i in font nullfont!
Missing character: There is no b in font nullfont!
Missing character: There is no e in font nullfont!
Missing character: There is no f in font nullfont!
Missing character: There is no o in font nullfont!
Missing character: There is no l in font nullfont!
Missing character: There is no g in font nullfont!
Missing character: There is no e in font nullfont!
Missing character: There is no n in font nullfont!
Missing character: There is no d in font nullfont!
Missing character: There is no e in font nullfont!
Missing character: There is no Z in font nullfont!
Missing character: There is no e in font nullfont!
Missing character: There is no i in font nullfont!
Missing character: There is no l in font nullfont!
Missing character: There is no e in font nullfont!
Missing character: There is no n in font nullfont!
Missing character: There is no i in font nullfont!
Missing character: There is no n in font nullfont!
Missing character: There is no d in font nullfont!
Missing character: There is no i in font nullfont!
Missing character: There is no e in font nullfont!
Missing character: There is no F in font nullfont!
Missing character: There is no i in font nullfont!
Missing character: There is no l in font nullfont!
Missing character: There is no e in font nullfont!
Missing character: There is no u in font nullfont!
Missing character: There is no n in font nullfont!
Missing character: There is no d in font nullfont!
Missing character: There is no r in font nullfont!
Missing character: There is no e in font nullfont!
Missing character: There is no s in font nullfont!
Missing character: There is no t in font nullfont!
Missing character: There is no a in font nullfont!
Missing character: There is no r in font nullfont!
Missing character: There is no t in font nullfont!
Missing character: There is no d in font nullfont!
Missing character: There is no e in font nullfont!
Missing character: There is no n in font nullfont!
Missing character: There is no s in font nullfont!
Missing character: There is no e in font nullfont!
Missing character: There is no r in font nullfont!
Missing character: There is no v in font nullfont!
Missing character: There is no i in font nullfont!
Missing character: There is no c in font nullfont!
Missing character: There is no e in font nullfont!

Overfull \hbox (7.7778pt too wide) in paragraph at lines 40--41
[]\/cmr/m/n/10 O
 []


Overfull \hbox (99.74913pt too wide) in paragraph at lines 43--43
[]\OT1/cmtt/m/n/10 vi /etc/config/dhcp[] 
 []


Overfull \hbox (43.70111pt too wide) in paragraph at lines 45--46
\OT1/cmr/bx/n/10 Gateway
 []


Overfull \hbox (18.1124pt too wide) in paragraph at lines 45--46
\OT1/cmr/bx/n/10 set-
 []


Overfull \hbox (16.77075pt too wide) in paragraph at lines 45--46
\OT1/cmr/bx/n/10 zen 
 []


Overfull \hbox (57.7495pt too wide) in paragraph at lines 52--52
[]\OT1/cmtt/m/n/10 config host[] 
 []


Overfull \hbox (141.74876pt too wide) in paragraph at lines 52--52
[]        \OT1/cmtt/m/n/10 option name   'PC2'[] 
 []


Overfull \hbox (209.99817pt too wide) in paragraph at lines 52--52
[]        \OT1/cmtt/m/n/10 option mac   '00:50:79:66:68:01'[] 
 []


Overfull \hbox (178.49844pt too wide) in paragraph at lines 52--52
[]        \OT1/cmtt/m/n/10 option ip   '192.168.3.76'[] 
 []


Overfull \hbox (188.99835pt too wide) in paragraph at lines 52--52
[]        \OT1/cmtt/m/n/10 option leasetime  'infinite'[] 
 []


! LaTeX Error: Environment Huge undefined.

See the LaTeX manual or LaTeX Companion for explanation.
Type  H <return>  for immediate help.
 ...                                              
                                                  
l.55 \begin{Huge}
                  Frage TK \end{Huge}
Your command was ignored.
Type  I <command> <return>  to replace it with another command,
or  <return>  to continue without it.

Missing character: There is no F in font nullfont!
Missing character: There is no r in font nullfont!
Missing character: There is no a in font nullfont!
Missing character: There is no g in font nullfont!
Missing character: There is no e in font nullfont!
Missing character: There is no T in font nullfont!
Missing character: There is no K in font nullfont!

! LaTeX Error: \begin{itemize} on input line 39 ended by \end{Huge}.

See the LaTeX manual or LaTeX Companion for explanation.
Type  H <return>  for immediate help.
 ...                                              
                                                  
l.55 \begin{Huge} Frage TK \end{Huge}
                                     
Your command was ignored.
Type  I <command> <return>  to replace it with another command,
or  <return>  to continue without it.


Overfull \hbox (47.91644pt too wide) in paragraph at lines 54--56
\OT1/cmr/bx/n/10 Netzwerk
 []


Overfull \hbox (56.12608pt too wide) in paragraph at lines 54--56
\OT1/cmr/bx/n/10 Neustarten
 []


Overfull \hbox (141.74876pt too wide) in paragraph at lines 59--59
[]\OT1/cmtt/m/n/10 /etc/init.d/network restart[] 
 []


Overfull \hbox (136.49881pt too wide) in paragraph at lines 59--59
[]\OT1/cmtt/m/n/10 /etc/init.d/network reload[] 
 []

)
! Emergency stop.
<*> DHCP.tex
            
*** (job aborted, no legal \end found)

 
Here is how much of TeX's memory you used:
 49 strings out of 474727
 814 string characters out of 5759115
 1928975 words of memory out of 5000000
 22247 multiletter control sequences out of 15000+600000
 559250 words of font info for 40 fonts, out of 8000000 for 9000
 891 hyphenation exceptions out of 8191
 23i,5n,32p,167b,214s stack positions out of 10000i,1000n,20000p,200000b,200000s
!  ==> Fatal error occurred, no output PDF file produced!
