This is pdfTeX, Version 3.141592653-2.6-1.40.25 (TeX Live 2023/Debian) (preloaded format=pdflatex 2024.11.24)  18 DEC 2024 22:17
entering extended mode
 restricted \write18 enabled.
 %&-line parsing enabled.
**Firewall.tex
(./Firewall.tex
LaTeX2e <2023-11-01> patch level 1
L3 programming layer <2024-01-22>
! Undefined control sequence.
l.1 \section
            {Configuration der Firewall}
The control sequence at the end of the top line
of your error message was never \def'ed. If you have
misspelled it (e.g., `\hobx'), type `I' and the correct
spelling (e.g., `I\hbox'). Otherwise just continue,
and I'll forget about whatever was undefined.


! LaTeX Error: Missing \begin{document}.

See the LaTeX manual or LaTeX Companion for explanation.
Type  H <return>  for immediate help.
 ...                                              
                                                  
l.1 \section{C
              onfiguration der Firewall}
You're in trouble here.  Try typing  <return>  to proceed.
If that doesn't work, type  X <return>  to quit.

Missing character: There is no C in font nullfont!
Missing character: There is no o in font nullfont!
Missing character: There is no n in font nullfont!
Missing character: There is no f in font nullfont!
Missing character: There is no i in font nullfont!
Missing character: There is no g in font nullfont!
Missing character: There is no u in font nullfont!
Missing character: There is no r in font nullfont!
Missing character: There is no a in font nullfont!
Missing character: There is no t in font nullfont!
Missing character: There is no i in font nullfont!
Missing character: There is no o in font nullfont!
Missing character: There is no n in font nullfont!
Missing character: There is no d in font nullfont!
Missing character: There is no e in font nullfont!
Missing character: There is no r in font nullfont!
Missing character: There is no F in font nullfont!
Missing character: There is no i in font nullfont!
Missing character: There is no r in font nullfont!
Missing character: There is no e in font nullfont!
Missing character: There is no w in font nullfont!
Missing character: There is no a in font nullfont!
Missing character: There is no l in font nullfont!
Missing character: There is no l in font nullfont!
! Undefined control sequence.
l.2 \subsection
               {Blockierung eines PCs}
The control sequence at the end of the top line
of your error message was never \def'ed. If you have
misspelled it (e.g., `\hobx'), type `I' and the correct
spelling (e.g., `I\hbox'). Otherwise just continue,
and I'll forget about whatever was undefined.

Missing character: There is no B in font nullfont!
Missing character: There is no l in font nullfont!
Missing character: There is no o in font nullfont!
Missing character: There is no c in font nullfont!
Missing character: There is no k in font nullfont!
Missing character: There is no i in font nullfont!
Missing character: There is no e in font nullfont!
Missing character: There is no r in font nullfont!
Missing character: There is no u in font nullfont!
Missing character: There is no n in font nullfont!
Missing character: There is no g in font nullfont!
Missing character: There is no e in font nullfont!
Missing character: There is no i in font nullfont!
Missing character: There is no n in font nullfont!
Missing character: There is no e in font nullfont!
Missing character: There is no s in font nullfont!
Missing character: There is no P in font nullfont!
Missing character: There is no C in font nullfont!
Missing character: There is no s in font nullfont!
Missing character: There is no D in font nullfont!
Missing character: There is no H in font nullfont!
Missing character: There is no C in font nullfont!
Missing character: There is no P in font nullfont!
Missing character: There is no - in font nullfont!
Missing character: There is no S in font nullfont!
Missing character: There is no e in font nullfont!
Missing character: There is no r in font nullfont!
Missing character: There is no v in font nullfont!
Missing character: There is no e in font nullfont!
Missing character: There is no r in font nullfont!
Missing character: There is no a in font nullfont!
Missing character: There is no u in font nullfont!
Missing character: There is no f in font nullfont!
Missing character: There is no e in font nullfont!
Missing character: There is no i in font nullfont!
Missing character: There is no n in font nullfont!
Missing character: There is no e in font nullfont!
Missing character: There is no f in font nullfont!
Missing character: There is no i in font nullfont!
Missing character: There is no x in font nullfont!
Missing character: There is no e in font nullfont!
Missing character: There is no I in font nullfont!
Missing character: There is no P in font nullfont!
LaTeX Font Info:    Trying to load font information for +cmr on input line 6.
LaTeX Font Info:    No file cmr.fd. on input line 6.

LaTeX Font Warning: Font shape `/cmr/m/n' undefined
(Font)              using `/cmr/m/n' instead on input line 6.

! Corrupted NFSS tables.
wrong@fontshape ...message {Corrupted NFSS tables}
                                                  error@fontshape else let f...
l.6 DHCP-Server auf eine fixe IP ü
                                   ber die MAC Adresse des PC2 fix zuweisen
This error message was generated by an \errmessage
command, so I can't give any explicit help.
Pretend that you're Hercule Poirot: Examine all clues,
and deduce the truth by order and method.


LaTeX Font Warning: Font shape `/cmr/m/n' undefined
(Font)              using `OT1/cmr/m/n' instead on input line 6.

Missing character: There is no b in font nullfont!
Missing character: There is no e in font nullfont!
Missing character: There is no r in font nullfont!
Missing character: There is no d in font nullfont!
Missing character: There is no i in font nullfont!
Missing character: There is no e in font nullfont!
Missing character: There is no M in font nullfont!
Missing character: There is no A in font nullfont!
Missing character: There is no C in font nullfont!
Missing character: There is no A in font nullfont!
Missing character: There is no d in font nullfont!
Missing character: There is no r in font nullfont!
Missing character: There is no e in font nullfont!
Missing character: There is no s in font nullfont!
Missing character: There is no s in font nullfont!
Missing character: There is no e in font nullfont!
Missing character: There is no d in font nullfont!
Missing character: There is no e in font nullfont!
Missing character: There is no s in font nullfont!
Missing character: There is no P in font nullfont!
Missing character: There is no C in font nullfont!
Missing character: There is no 2 in font nullfont!
Missing character: There is no f in font nullfont!
Missing character: There is no i in font nullfont!
Missing character: There is no x in font nullfont!
Missing character: There is no z in font nullfont!
Missing character: There is no u in font nullfont!
Missing character: There is no w in font nullfont!
Missing character: There is no e in font nullfont!
Missing character: There is no i in font nullfont!
Missing character: There is no s in font nullfont!
Missing character: There is no e in font nullfont!
Missing character: There is no n in font nullfont!

Overfull \hbox (20.0pt too wide) in paragraph at lines 1--7
[]
 []


Overfull \hbox (22.43044pt too wide) in paragraph at lines 1--7
\OT1/cmr/bx/n/10 Auf-
 []


Overfull \hbox (33.54147pt too wide) in paragraph at lines 1--7
\OT1/cmr/bx/n/10 gaben-
 []


Overfull \hbox (21.30682pt too wide) in paragraph at lines 1--7
\OT1/cmr/bx/n/10 stel-
 []


Overfull \hbox (21.88184pt too wide) in paragraph at lines 1--7
\OT1/cmr/bx/n/10 lung 
 []


Overfull \hbox (39.36635pt too wide) in paragraph at lines 1--7
\OT1/cmr/m/it/10 Blockiere
 []


Overfull \hbox (15.07767pt too wide) in paragraph at lines 1--7
\OT1/cmr/m/it/10 Zu-
 []


Overfull \hbox (19.9332pt too wide) in paragraph at lines 1--7
\OT1/cmr/m/it/10 gang
 []


Overfull \hbox (17.63324pt too wide) in paragraph at lines 1--7
\OT1/cmr/m/it/10 zum
 []


Overfull \hbox (18.93318pt too wide) in paragraph at lines 1--7
\OT1/cmr/m/it/10 Net-
 []


Overfull \hbox (14.31102pt too wide) in paragraph at lines 1--7
\OT1/cmr/m/it/10 zw-
 []


Overfull \hbox (13.41655pt too wide) in paragraph at lines 1--7
\OT1/cmr/m/it/10 erk
 []


Overfull \hbox (24.08875pt too wide) in paragraph at lines 1--7
\OT1/cmr/m/it/10 WAN
 []


Overfull \hbox (12.64992pt too wide) in paragraph at lines 1--7
\OT1/cmr/m/it/10 f^^?ur
 []


Overfull \hbox (19.04988pt too wide) in paragraph at lines 1--7
\OT1/cmr/m/it/10 PC2
 []


Overfull \hbox (13.41655pt too wide) in paragraph at lines 1--7
\OT1/cmr/m/it/10 per
 []


Overfull \hbox (8.80896pt too wide) in paragraph at lines 1--7
\OT1/cmr/m/it/10 ip 
 []


Overfull \hbox (72.81487pt too wide) in paragraph at lines 1--7
\OT1/cmr/bx/n/10 Voraussetzung 
 []


Overfull \hbox (10.55559pt too wide) in paragraph at lines 1--7
\/cmr/m/n/10 ^^?u
 []

Missing character: There is no f in font nullfont!
Missing character: There is no f in font nullfont!
Missing character: There is no n in font nullfont!
Missing character: There is no e in font nullfont!
Missing character: There is no d in font nullfont!
Missing character: There is no i in font nullfont!
Missing character: There is no e in font nullfont!
Missing character: There is no D in font nullfont!
Missing character: There is no H in font nullfont!
Missing character: There is no C in font nullfont!
Missing character: There is no P in font nullfont!
Missing character: There is no - in font nullfont!
Missing character: There is no C in font nullfont!
Missing character: There is no o in font nullfont!
Missing character: There is no n in font nullfont!
Missing character: There is no f in font nullfont!
Missing character: There is no i in font nullfont!
Missing character: There is no g in font nullfont!
Missing character: There is no f in font nullfont!
Missing character: There is no i in font nullfont!
Missing character: There is no l in font nullfont!
Missing character: There is no e in font nullfont!
Missing character: There is no , in font nullfont!
Missing character: There is no s in font nullfont!
Missing character: There is no c in font nullfont!
Missing character: There is no h in font nullfont!
Missing character: There is no r in font nullfont!
Missing character: There is no e in font nullfont!
Missing character: There is no i in font nullfont!
Missing character: There is no b in font nullfont!
Missing character: There is no e in font nullfont!
Missing character: There is no f in font nullfont!
Missing character: There is no o in font nullfont!
Missing character: There is no l in font nullfont!
Missing character: There is no g in font nullfont!
Missing character: There is no e in font nullfont!
Missing character: There is no n in font nullfont!
Missing character: There is no d in font nullfont!
Missing character: There is no e in font nullfont!
Missing character: There is no Z in font nullfont!
Missing character: There is no e in font nullfont!
Missing character: There is no i in font nullfont!
Missing character: There is no l in font nullfont!
Missing character: There is no e in font nullfont!
Missing character: There is no n in font nullfont!
Missing character: There is no i in font nullfont!
Missing character: There is no n in font nullfont!
Missing character: There is no d in font nullfont!
Missing character: There is no i in font nullfont!
Missing character: There is no e in font nullfont!
Missing character: There is no F in font nullfont!
Missing character: There is no i in font nullfont!
Missing character: There is no l in font nullfont!
Missing character: There is no e in font nullfont!
Missing character: There is no u in font nullfont!
Missing character: There is no n in font nullfont!
Missing character: There is no d in font nullfont!
Missing character: There is no r in font nullfont!
Missing character: There is no e in font nullfont!
Missing character: There is no s in font nullfont!
Missing character: There is no t in font nullfont!
Missing character: There is no a in font nullfont!
Missing character: There is no r in font nullfont!
Missing character: There is no t in font nullfont!
Missing character: There is no d in font nullfont!
Missing character: There is no e in font nullfont!
Missing character: There is no n in font nullfont!
Missing character: There is no s in font nullfont!
Missing character: There is no e in font nullfont!
Missing character: There is no r in font nullfont!
Missing character: There is no v in font nullfont!
Missing character: There is no i in font nullfont!
Missing character: There is no c in font nullfont!
Missing character: There is no e in font nullfont!

Overfull \hbox (7.7778pt too wide) in paragraph at lines 8--9
[]\/cmr/m/n/10 O
 []


Overfull \hbox (57.7495pt too wide) in paragraph at lines 15--15
[]\OT1/cmtt/m/n/10 config host[] 
 []


Overfull \hbox (146.99872pt too wide) in paragraph at lines 15--15
[]        \OT1/cmtt/m/n/10 option name    'PC2'[] 
 []


Overfull \hbox (215.24812pt too wide) in paragraph at lines 15--15
[]        \OT1/cmtt/m/n/10 option mac    '00:50:79:66:68:01'[] 
 []


Overfull \hbox (188.99835pt too wide) in paragraph at lines 15--15
[]        \OT1/cmtt/m/n/10 option ip    '192.168.3.133'[] 
 []


Overfull \hbox (194.2483pt too wide) in paragraph at lines 15--15
[]        \OT1/cmtt/m/n/10 option leasetime   'infinite'[] 
 []


Overfull \hbox (40.40256pt too wide) in paragraph at lines 17--18
\OT1/cmr/bx/n/10 Firewall
 []


Overfull \hbox (21.7221pt too wide) in paragraph at lines 17--18
\OT1/cmr/bx/n/10 kon-
 []


Overfull \hbox (15.97214pt too wide) in paragraph at lines 17--18
\OT1/cmr/bx/n/10 fig-
 []


Overfull \hbox (18.1527pt too wide) in paragraph at lines 17--18
\OT1/cmr/bx/n/10 uri-
 []


Overfull \hbox (21.66658pt too wide) in paragraph at lines 17--18
\OT1/cmr/bx/n/10 eren 
 []

Missing character: There is no f in font nullfont!
Missing character: There is no f in font nullfont!
Missing character: There is no n in font nullfont!
Missing character: There is no e in font nullfont!
Missing character: There is no d in font nullfont!
Missing character: There is no i in font nullfont!
Missing character: There is no e in font nullfont!
Missing character: There is no C in font nullfont!
Missing character: There is no o in font nullfont!
Missing character: There is no n in font nullfont!
Missing character: There is no f in font nullfont!
Missing character: There is no i in font nullfont!
Missing character: There is no g in font nullfont!
Missing character: There is no f in font nullfont!
Missing character: There is no i in font nullfont!
Missing character: There is no l in font nullfont!
Missing character: There is no e in font nullfont!
Missing character: There is no s in font nullfont!
Missing character: There is no m in font nullfont!
Missing character: There is no i in font nullfont!
Missing character: There is no t in font nullfont!
Missing character: There is no : in font nullfont!

Overfull \hbox (5.00002pt too wide) in paragraph at lines 19--20
\/cmr/m/n/10 ^^?o
 []


Overfull \hbox (131.24886pt too wide) in paragraph at lines 22--22
[]\OT1/cmtt/m/n/10 $ vi /etc/config/firewall[] 
 []

Missing character: There is no s in font nullfont!
Missing character: There is no c in font nullfont!
Missing character: There is no h in font nullfont!
Missing character: There is no r in font nullfont!
Missing character: There is no e in font nullfont!
Missing character: There is no i in font nullfont!
Missing character: There is no b in font nullfont!
Missing character: There is no e in font nullfont!
Missing character: There is no f in font nullfont!
Missing character: There is no o in font nullfont!
Missing character: There is no l in font nullfont!
Missing character: There is no g in font nullfont!
Missing character: There is no e in font nullfont!
Missing character: There is no n in font nullfont!
Missing character: There is no d in font nullfont!
Missing character: There is no e in font nullfont!
Missing character: There is no Z in font nullfont!
Missing character: There is no e in font nullfont!
Missing character: There is no i in font nullfont!
Missing character: There is no l in font nullfont!
Missing character: There is no e in font nullfont!
Missing character: There is no n in font nullfont!
Missing character: There is no r in font nullfont!
Missing character: There is no e in font nullfont!
Missing character: There is no i in font nullfont!
Missing character: There is no n in font nullfont!
Missing character: There is no : in font nullfont!

Overfull \hbox (52.49954pt too wide) in paragraph at lines 33--33
[]\OT1/cmtt/m/n/10 ## add all[] 
 []


Overfull \hbox (57.7495pt too wide) in paragraph at lines 33--33
[]\OT1/cmtt/m/n/10 config rule[] 
 []


Overfull \hbox (215.24812pt too wide) in paragraph at lines 33--33
[]        \OT1/cmtt/m/n/10 option name             Block PC2[] 
 []


Overfull \hbox (183.7484pt too wide) in paragraph at lines 33--33
[]        \OT1/cmtt/m/n/10 option proto            all[] 
 []


Overfull \hbox (183.7484pt too wide) in paragraph at lines 33--33
[]        \OT1/cmtt/m/n/10 option src              lan[] 
 []


Overfull \hbox (183.7484pt too wide) in paragraph at lines 33--33
[]        \OT1/cmtt/m/n/10 option dest             wan[] 
 []


Overfull \hbox (199.49826pt too wide) in paragraph at lines 33--33
[]        \OT1/cmtt/m/n/10 option target           REJECT[] 
 []


Overfull \hbox (236.24794pt too wide) in paragraph at lines 33--33
[]        \OT1/cmtt/m/n/10 option src_ip           192.168.3.133[] 
 []

Missing character: There is no r in font nullfont!
Missing character: There is no e in font nullfont!
Missing character: There is no s in font nullfont!
Missing character: There is no t in font nullfont!
Missing character: There is no a in font nullfont!
Missing character: There is no r in font nullfont!
Missing character: There is no t in font nullfont!
Missing character: There is no f in font nullfont!
Missing character: There is no i in font nullfont!
Missing character: There is no r in font nullfont!
Missing character: There is no e in font nullfont!
Missing character: There is no w in font nullfont!
Missing character: There is no a in font nullfont!
Missing character: There is no l in font nullfont!
Missing character: There is no l in font nullfont!

Overfull \hbox (146.99872pt too wide) in paragraph at lines 38--38
[]\OT1/cmtt/m/n/10 /etc/init.d/firewall restart[] 
 []


Overfull \hbox (141.74876pt too wide) in paragraph at lines 38--38
[]\OT1/cmtt/m/n/10 /etc/init.d/firewall reload[] 
 []


! LaTeX Error: The font size command \normalsize is not defined:
               there is probably something wrong with the class file.

See the LaTeX manual or LaTeX Companion for explanation.
Type  H <return>  for immediate help.
 ...                                              
                                                  
l.41 \newpage
             
Your command was ignored.
Type  I <command> <return>  to replace it with another command,
or  <return>  to continue without it.

[1{/var/lib/texmf/fonts/map/pdftex/updmap/pdftex.map}]
! Undefined control sequence.
l.43 \subsection
                {Weiterleitung}
The control sequence at the end of the top line
of your error message was never \def'ed. If you have
misspelled it (e.g., `\hobx'), type `I' and the correct
spelling (e.g., `I\hbox'). Otherwise just continue,
and I'll forget about whatever was undefined.

Missing character: There is no W in font nullfont!
Missing character: There is no e in font nullfont!
Missing character: There is no i in font nullfont!
Missing character: There is no t in font nullfont!
Missing character: There is no e in font nullfont!
Missing character: There is no r in font nullfont!
Missing character: There is no l in font nullfont!
Missing character: There is no e in font nullfont!
Missing character: There is no i in font nullfont!
Missing character: There is no t in font nullfont!
Missing character: There is no u in font nullfont!
Missing character: There is no n in font nullfont!
Missing character: There is no g in font nullfont!
LaTeX Font Info:    External font `cmex10' loaded for size
(Font)              <7> on input line 44.
LaTeX Font Info:    External font `cmex10' loaded for size
(Font)              <5> on input line 44.

Overfull \hbox (20.0pt too wide) in paragraph at lines 43--45
[]
 []


Overfull \hbox (22.71094pt too wide) in paragraph at lines 43--45
\OT1/cmr/bx/it/10 Auf-
 []


Overfull \hbox (31.93297pt too wide) in paragraph at lines 43--45
\OT1/cmr/bx/it/10 gaben-
 []


Overfull \hbox (21.15256pt too wide) in paragraph at lines 43--45
\OT1/cmr/bx/it/10 stel-
 []


Overfull \hbox (24.54974pt too wide) in paragraph at lines 43--45
\OT1/cmr/bx/it/10 lung:
 []


Overfull \hbox (23.7665pt too wide) in paragraph at lines 43--45
\OT1/cmr/m/it/10 Stelle
 []


Overfull \hbox (12.7777pt too wide) in paragraph at lines 43--45
\OT1/cmr/m/it/10 die
 []


Overfull \hbox (21.47758pt too wide) in paragraph at lines 43--45
\OT1/cmr/m/it/10 Fire-
 []


Overfull \hbox (17.37769pt too wide) in paragraph at lines 43--45
\OT1/cmr/m/it/10 wall
 []


Overfull \hbox (9.19995pt too wide) in paragraph at lines 43--45
\OT1/cmr/m/it/10 so
 []


Overfull \hbox (16.35545pt too wide) in paragraph at lines 43--45
\OT1/cmr/m/it/10 ein,
 []


Overfull \hbox (18.3999pt too wide) in paragraph at lines 43--45
\OT1/cmr/m/it/10 dass
 []


Overfull \hbox (12.7777pt too wide) in paragraph at lines 43--45
\OT1/cmr/m/it/10 die
 []


Overfull \hbox (10.63882pt too wide) in paragraph at lines 43--45
\OT1/cmr/m/it/10 IP
 []


Overfull \hbox (53.3335pt too wide) in paragraph at lines 43--45
\/cmr/m/n/10 192\OML/cmm/m/it/10 :\/cmr/m/n/10 168\OML/cmm/m/it/10 :\/cmr/m/n/1
0 3\OML/cmm/m/it/10 :\/cmr/m/n/10 76$
 []


Overfull \hbox (10.26106pt too wide) in paragraph at lines 43--45
\OT1/cmr/m/it/10 fix
 []


Overfull \hbox (13.54437pt too wide) in paragraph at lines 43--45
\OT1/cmr/m/it/10 auf
 []


Overfull \hbox (17.88878pt too wide) in paragraph at lines 43--45
\OT1/cmr/m/it/10 dem
 []


Overfull \hbox (19.4332pt too wide) in paragraph at lines 43--45
\OT1/cmr/m/it/10 Port
 []


Overfull \hbox (10.22217pt too wide) in paragraph at lines 43--45
\OT1/cmr/m/it/10 80
 []


Overfull \hbox (21.21095pt too wide) in paragraph at lines 43--45
\OT1/cmr/m/it/10 weit-
 []


Overfull \hbox (38.97188pt too wide) in paragraph at lines 43--45
\OT1/cmr/m/it/10 ergeleitet
 []


Overfull \hbox (21.5943pt too wide) in paragraph at lines 43--45
\OT1/cmr/m/it/10 wird. 
 []

Missing character: There is no f in font nullfont!
Missing character: There is no f in font nullfont!
Missing character: There is no n in font nullfont!
Missing character: There is no e in font nullfont!
Missing character: There is no d in font nullfont!
Missing character: There is no i in font nullfont!
Missing character: There is no e in font nullfont!
Missing character: There is no D in font nullfont!
Missing character: There is no H in font nullfont!
Missing character: There is no C in font nullfont!
Missing character: There is no P in font nullfont!
Missing character: There is no - in font nullfont!
Missing character: There is no C in font nullfont!
Missing character: There is no o in font nullfont!
Missing character: There is no n in font nullfont!
Missing character: There is no f in font nullfont!
Missing character: There is no i in font nullfont!
Missing character: There is no g in font nullfont!
Missing character: There is no f in font nullfont!
Missing character: There is no i in font nullfont!
Missing character: There is no l in font nullfont!
Missing character: There is no e in font nullfont!
Missing character: There is no , in font nullfont!
Missing character: There is no s in font nullfont!
Missing character: There is no c in font nullfont!
Missing character: There is no h in font nullfont!
Missing character: There is no r in font nullfont!
Missing character: There is no e in font nullfont!
Missing character: There is no i in font nullfont!
Missing character: There is no b in font nullfont!
Missing character: There is no e in font nullfont!
Missing character: There is no f in font nullfont!
Missing character: There is no o in font nullfont!
Missing character: There is no l in font nullfont!
Missing character: There is no g in font nullfont!
Missing character: There is no e in font nullfont!
Missing character: There is no n in font nullfont!
Missing character: There is no d in font nullfont!
Missing character: There is no e in font nullfont!
Missing character: There is no Z in font nullfont!
Missing character: There is no e in font nullfont!
Missing character: There is no i in font nullfont!
Missing character: There is no l in font nullfont!
Missing character: There is no e in font nullfont!
Missing character: There is no n in font nullfont!
Missing character: There is no i in font nullfont!
Missing character: There is no n in font nullfont!
Missing character: There is no d in font nullfont!
Missing character: There is no i in font nullfont!
Missing character: There is no e in font nullfont!
Missing character: There is no F in font nullfont!
Missing character: There is no i in font nullfont!
Missing character: There is no l in font nullfont!
Missing character: There is no e in font nullfont!
Missing character: There is no u in font nullfont!
Missing character: There is no n in font nullfont!
Missing character: There is no d in font nullfont!
Missing character: There is no r in font nullfont!
Missing character: There is no e in font nullfont!
Missing character: There is no s in font nullfont!
Missing character: There is no t in font nullfont!
Missing character: There is no a in font nullfont!
Missing character: There is no r in font nullfont!
Missing character: There is no t in font nullfont!
Missing character: There is no d in font nullfont!
Missing character: There is no e in font nullfont!
Missing character: There is no n in font nullfont!
Missing character: There is no s in font nullfont!
Missing character: There is no e in font nullfont!
Missing character: There is no r in font nullfont!
Missing character: There is no v in font nullfont!
Missing character: There is no i in font nullfont!
Missing character: There is no c in font nullfont!
Missing character: There is no e in font nullfont!
Missing character: There is no D in font nullfont!
Missing character: There is no a in font nullfont!
Missing character: There is no s in font nullfont!
Missing character: There is no s in font nullfont!
Missing character: There is no d in font nullfont!
Missing character: There is no i in font nullfont!
Missing character: There is no e in font nullfont!
Missing character: There is no m in font nullfont!
Missing character: There is no a in font nullfont!
Missing character: There is no c in font nullfont!
Missing character: There is no d in font nullfont!
Missing character: There is no e in font nullfont!
Missing character: There is no s in font nullfont!
Missing character: There is no D in font nullfont!
Missing character: There is no e in font nullfont!
Missing character: There is no b in font nullfont!
Missing character: There is no i in font nullfont!
Missing character: There is no a in font nullfont!
Missing character: There is no n in font nullfont!
Missing character: There is no S in font nullfont!
Missing character: There is no e in font nullfont!
Missing character: There is no r in font nullfont!
Missing character: There is no v in font nullfont!
Missing character: There is no e in font nullfont!
Missing character: There is no r in font nullfont!
Missing character: There is no d in font nullfont!
Missing character: There is no i in font nullfont!
Missing character: There is no e in font nullfont!
Missing character: There is no f in font nullfont!
Missing character: There is no i in font nullfont!
Missing character: There is no x in font nullfont!
Missing character: There is no e in font nullfont!
Missing character: There is no I in font nullfont!
Missing character: There is no P in font nullfont!
Missing character: There is no b in font nullfont!
Missing character: There is no e in font nullfont!
Missing character: There is no k in font nullfont!
Missing character: There is no o in font nullfont!
Missing character: There is no m in font nullfont!
Missing character: There is no m in font nullfont!
Missing character: There is no t in font nullfont!
Missing character: There is no . in font nullfont!

Overfull \hbox (7.7778pt too wide) in paragraph at lines 46--47
[]\/cmr/m/n/10 O
 []


Overfull \hbox (52.49954pt too wide) in paragraph at lines 54--54
[]\OT1/cmtt/m/n/10 ## add all[] 
 []


Overfull \hbox (57.7495pt too wide) in paragraph at lines 54--54
[]\OT1/cmtt/m/n/10 config host[] 
 []


Overfull \hbox (152.24867pt too wide) in paragraph at lines 54--54
[]        \OT1/cmtt/m/n/10 option name     'PC2'[] 
 []


Overfull \hbox (220.49808pt too wide) in paragraph at lines 54--54
[]        \OT1/cmtt/m/n/10 option mac     '00:50:79:66:68:01'[] 
 []


Overfull \hbox (188.99835pt too wide) in paragraph at lines 54--54
[]        \OT1/cmtt/m/n/10 option ip     '192.168.3.76'[] 
 []


Overfull \hbox (194.2483pt too wide) in paragraph at lines 54--54
[]        \OT1/cmtt/m/n/10 option leasetime   'infinite'[] 
 []


Overfull \hbox (40.40256pt too wide) in paragraph at lines 56--57
\OT1/cmr/bx/n/10 Firewall
 []


Overfull \hbox (21.7221pt too wide) in paragraph at lines 56--57
\OT1/cmr/bx/n/10 kon-
 []


Overfull \hbox (15.97214pt too wide) in paragraph at lines 56--57
\OT1/cmr/bx/n/10 fig-
 []


Overfull \hbox (18.1527pt too wide) in paragraph at lines 56--57
\OT1/cmr/bx/n/10 uri-
 []


Overfull \hbox (21.66658pt too wide) in paragraph at lines 56--57
\OT1/cmr/bx/n/10 eren 
 []

Missing character: There is no f in font nullfont!
Missing character: There is no f in font nullfont!
Missing character: There is no n in font nullfont!
Missing character: There is no e in font nullfont!
Missing character: There is no d in font nullfont!
Missing character: There is no i in font nullfont!
Missing character: There is no e in font nullfont!
Missing character: There is no C in font nullfont!
Missing character: There is no o in font nullfont!
Missing character: There is no n in font nullfont!
Missing character: There is no f in font nullfont!
Missing character: There is no i in font nullfont!
Missing character: There is no g in font nullfont!
Missing character: There is no f in font nullfont!
Missing character: There is no i in font nullfont!
Missing character: There is no l in font nullfont!
Missing character: There is no e in font nullfont!
Missing character: There is no s in font nullfont!
Missing character: There is no m in font nullfont!
Missing character: There is no i in font nullfont!
Missing character: There is no t in font nullfont!
Missing character: There is no : in font nullfont!

Overfull \hbox (5.00002pt too wide) in paragraph at lines 58--59
\/cmr/m/n/10 ^^?o
 []


Overfull \hbox (120.74895pt too wide) in paragraph at lines 61--61
[]\OT1/cmtt/m/n/10 vi /etc/config/firewall[] 
 []

Missing character: There is no s in font nullfont!
Missing character: There is no c in font nullfont!
Missing character: There is no h in font nullfont!
Missing character: There is no r in font nullfont!
Missing character: There is no e in font nullfont!
Missing character: There is no i in font nullfont!
Missing character: There is no b in font nullfont!
Missing character: There is no e in font nullfont!
Missing character: There is no f in font nullfont!
Missing character: There is no o in font nullfont!
Missing character: There is no l in font nullfont!
Missing character: There is no g in font nullfont!
Missing character: There is no e in font nullfont!
Missing character: There is no n in font nullfont!
Missing character: There is no d in font nullfont!
Missing character: There is no e in font nullfont!
Missing character: There is no Z in font nullfont!
Missing character: There is no e in font nullfont!
Missing character: There is no i in font nullfont!
Missing character: There is no l in font nullfont!
Missing character: There is no e in font nullfont!
Missing character: There is no n in font nullfont!
Missing character: There is no r in font nullfont!
Missing character: There is no e in font nullfont!
Missing character: There is no i in font nullfont!
Missing character: There is no n in font nullfont!
Missing character: There is no : in font nullfont!

Overfull \hbox (52.49954pt too wide) in paragraph at lines 74--74
[]\OT1/cmtt/m/n/10 ## add all[] 
 []


Overfull \hbox (78.74931pt too wide) in paragraph at lines 74--74
[]\OT1/cmtt/m/n/10 config redirect[] 
 []


Overfull \hbox (194.2483pt too wide) in paragraph at lines 74--74
[]        \OT1/cmtt/m/n/10 option dest             'lan'[] 
 []


Overfull \hbox (199.49826pt too wide) in paragraph at lines 74--74
[]        \OT1/cmtt/m/n/10 option target           'DNAT'[] 
 []


Overfull \hbox (241.4979pt too wide) in paragraph at lines 74--74
[]        \OT1/cmtt/m/n/10 option name             'Transmission'[] 
 []


Overfull \hbox (194.2483pt too wide) in paragraph at lines 74--74
[]        \OT1/cmtt/m/n/10 option src              'wan'[] 
 []


Overfull \hbox (241.4979pt too wide) in paragraph at lines 74--74
[]        \OT1/cmtt/m/n/10 option dest_ip          '192.168.3.76'[] 
 []


Overfull \hbox (188.99835pt too wide) in paragraph at lines 74--74
[]        \OT1/cmtt/m/n/10 option dest_port        '80'[] 
 []


Overfull \hbox (188.99835pt too wide) in paragraph at lines 74--74
[]        \OT1/cmtt/m/n/10 option src_dport        '80'[] 
 []


Overfull \hbox (194.2483pt too wide) in paragraph at lines 74--74
[]        \OT1/cmtt/m/n/10 option proto            'tcp'[] 
 []

Missing character: There is no r in font nullfont!
Missing character: There is no e in font nullfont!
Missing character: There is no s in font nullfont!
Missing character: There is no t in font nullfont!
Missing character: There is no a in font nullfont!
Missing character: There is no r in font nullfont!
Missing character: There is no t in font nullfont!
Missing character: There is no f in font nullfont!
Missing character: There is no i in font nullfont!
Missing character: There is no r in font nullfont!
Missing character: There is no e in font nullfont!
Missing character: There is no w in font nullfont!
Missing character: There is no a in font nullfont!
Missing character: There is no l in font nullfont!
Missing character: There is no l in font nullfont!

Overfull \hbox (146.99872pt too wide) in paragraph at lines 79--79
[]\OT1/cmtt/m/n/10 /etc/init.d/firewall restart[] 
 []


Overfull \hbox (141.74876pt too wide) in paragraph at lines 79--79
[]\OT1/cmtt/m/n/10 /etc/init.d/firewall reload[] 
 []

)
! Emergency stop.
<*> Firewall.tex
                
*** (job aborted, no legal \end found)

 
Here is how much of TeX's memory you used:
 47 strings out of 474727
 783 string characters out of 5759115
 1930975 words of memory out of 5000000
 22245 multiletter control sequences out of 15000+600000
 559250 words of font info for 40 fonts, out of 8000000 for 9000
 891 hyphenation exceptions out of 8191
 23i,5n,32p,198b,211s stack positions out of 10000i,1000n,20000p,200000b,200000s
!  ==> Fatal error occurred, no output PDF file produced!
