\BOOKMARK [1][-]{section.1}{\376\377\000\334\000b\000u\000n\000g\000:\000\040\000A\000n\000l\000e\000i\000t\000u\000n\000g\000\040\000z\000u\000r\000\040\000K\000o\000n\000f\000i\000g\000u\000r\000a\000t\000i\000o\000n\000\040\000e\000i\000n\000e\000s\000\040\000V\000P\000C\000S\000\040\000i\000n\000\040\000G\000N\000S\0003}{}% 1
\BOOKMARK [2][-]{subsection.1.1}{\376\377\000Z\000i\000e\000h\000e\000\040\000e\000i\000n\000e\000n\000\040\000V\000P\000C\000S\000\040\000i\000n\000\040\000d\000e\000n\000\040\000W\000o\000r\000k\000s\000p\000a\000c\000e}{section.1}% 2
\BOOKMARK [2][-]{subsection.1.2}{\376\377\000\304\000n\000d\000e\000r\000e\000\040\000d\000e\000n\000\040\000N\000a\000m\000e\000n\000\040\000a\000u\000f\000\040\000M\000e\000i\000n\000V\000P\000C\000S}{section.1}% 3
\BOOKMARK [2][-]{subsection.1.3}{\376\377\000\304\000n\000d\000e\000r\000e\000\040\000d\000i\000e\000\040\000E\000i\000n\000s\000t\000e\000l\000l\000u\000n\000g\000e\000n\000,\000\040\000s\000o\000d\000a\000s\000s\000\040\000d\000i\000e\000\040\000K\000o\000n\000s\000o\000l\000e\000\040\000a\000u\000t\000o\000m\000a\000t\000i\000s\000c\000h\000\040\000s\000t\000a\000r\000t\000e\000t}{section.1}% 4
\BOOKMARK [2][-]{subsection.1.4}{\376\377\000S\000t\000a\000r\000t\000e\000\040\000d\000a\000s\000\040\000S\000y\000s\000t\000e\000m}{section.1}% 5
\BOOKMARK [2][-]{subsection.1.5}{\376\377\000H\000i\000l\000f\000e\000\040\000a\000n\000z\000e\000i\000g\000e\000n\000\040\000m\000i\000t\000\040\000?}{section.1}% 6
\BOOKMARK [2][-]{subsection.1.6}{\376\377\000S\000e\000t\000z\000e\000\040\000d\000i\000e\000\040\000I\000P\000-\000A\000d\000r\000e\000s\000s\000e\000\040\000a\000u\000f\000\040\0001\0009\0002\000.\0001\0006\0008\000.\0003\000.\0002\000/\0002\0004}{section.1}% 7
\BOOKMARK [2][-]{subsection.1.7}{\376\377\000I\000P\000-\000A\000d\000r\000e\000s\000s\000e\000\040\000a\000n\000z\000e\000i\000g\000e\000n}{section.1}% 8
\BOOKMARK [2][-]{subsection.1.8}{\376\377\000E\000i\000n\000s\000t\000e\000l\000l\000u\000n\000g\000e\000n\000\040\000d\000e\000r\000\040\000M\000a\000s\000c\000h\000i\000n\000e\000\040\000s\000p\000e\000i\000c\000h\000e\000r\000n}{section.1}% 9
\BOOKMARK [1][-]{section.2}{\376\377\000\334\000b\000u\000n\000g\000:\000\040\000V\000P\000C\0001\000\040\000a\000u\000f\000\040\000V\000P\000C\0002\000\040\000p\000i\000n\000g\000e\000n}{}% 10
\BOOKMARK [1][-]{section.3}{\376\377\000\334\000b\000u\000n\000g\000:\000\040\000H\000u\000b\000\040\000u\000n\000d\000\040\000S\000w\000i\000t\000c\000h}{}% 11
\BOOKMARK [2][-]{subsection.3.1}{\376\377\000H\000u\000b}{section.3}% 12
\BOOKMARK [3][-]{subsubsection.3.1.1}{\376\377\000W\000i\000r\000e\000s\000h\000a\000r\000k\000\040\000A\000n\000a\000l\000y\000s\000e}{subsection.3.1}% 13
\BOOKMARK [2][-]{subsection.3.2}{\376\377\000S\000w\000i\000t\000c\000h}{section.3}% 14
\BOOKMARK [3][-]{subsubsection.3.2.1}{\376\377\000W\000i\000r\000e\000s\000h\000a\000r\000k\000\040\000A\000n\000a\000l\000y\000s\000e}{subsection.3.2}% 15
\BOOKMARK [2][-]{subsection.3.3}{\376\377\000W\000a\000s\000\040\000h\000a\000t\000\040\000s\000i\000c\000h\000\040\000g\000e\000\344\000n\000d\000e\000r\000t\000\040\000u\000n\000d\000\040\000w\000a\000r\000u\000m\000?}{section.3}% 16
\BOOKMARK [1][-]{section.4}{\376\377\000\334\000b\000u\000n\000g\000:\000\040\000E\000r\000s\000t\000e\000l\000l\000e\000\040\000e\000i\000n\000\040\000n\000e\000u\000e\000s\000\040\000P\000r\000o\000j\000e\000k\000t\000\040\000u\000n\000d\000\040\000k\000o\000n\000f\000i\000g\000u\000r\000i\000e\000r\000e\000\040\000e\000i\000n\000e\000n\000\040\000O\000p\000e\000n\000W\000r\000t\000\040\000R\000o\000u\000t\000e\000r}{}% 17
\BOOKMARK [2][-]{subsection.4.1}{\376\377\000E\000r\000s\000t\000e\000l\000l\000e\000\040\000e\000i\000n\000\040\000n\000e\000u\000e\000s\000\040\000P\000r\000o\000j\000e\000k\000t}{section.4}% 18
\BOOKMARK [2][-]{subsection.4.2}{\376\377\000E\000r\000s\000t\000e\000l\000l\000e\000\040\000e\000i\000n\000\040\000n\000e\000u\000e\000s\000\040\000R\000o\000u\000t\000e\000r\000-\000T\000e\000m\000p\000l\000a\000t\000e}{section.4}% 19
\BOOKMARK [2][-]{subsection.4.3}{\376\377\000O\000p\000e\000n\000W\000r\000t\000\040\000h\000e\000r\000u\000n\000t\000e\000r\000l\000a\000d\000e\000n\000\040\000u\000n\000d\000\040\000k\000o\000n\000f\000i\000g\000u\000r\000i\000e\000r\000e\000n}{section.4}% 20
\BOOKMARK [2][-]{subsection.4.4}{\376\377\000F\000\374\000g\000e\000\040\000d\000e\000n\000\040\000R\000o\000u\000t\000e\000r\000\040\000u\000n\000d\000\040\000e\000i\000n\000e\000\040\000N\000A\000T\000-\000N\000o\000d\000e\000\040\000z\000u\000m\000\040\000W\000o\000r\000k\000s\000p\000a\000c\000e\000\040\000h\000i\000n\000z\000u}{section.4}% 21
\BOOKMARK [2][-]{subsection.4.5}{\376\377\000S\000t\000a\000r\000t\000e\000\040\000d\000e\000n\000\040\000R\000o\000u\000t\000e\000r\000\040\000u\000n\000d\000\040\000\366\000f\000f\000n\000e\000\040\000d\000i\000e\000\040\000K\000o\000n\000s\000o\000l\000e}{section.4}% 22
\BOOKMARK [2][-]{subsection.4.6}{\376\377\000V\000e\000r\000s\000c\000h\000a\000f\000f\000e\000\040\000d\000i\000r\000\040\000e\000i\000n\000e\000n\000\040\000\334\000b\000e\000r\000b\000l\000i\000c\000k\000\040\000\374\000b\000e\000r\000\040\000d\000i\000e\000\040\000I\000P\000v\0004\000-\000K\000o\000n\000f\000i\000g\000u\000r\000a\000t\000i\000o\000n}{section.4}% 23
\BOOKMARK [2][-]{subsection.4.7}{\376\377\000B\000e\000s\000c\000h\000r\000e\000i\000b\000u\000n\000g\000\040\000u\000n\000d\000\040\000B\000e\000g\000r\000\374\000n\000d\000u\000n\000g\000\040\000d\000e\000r\000\040\000I\000P\000v\0004\000-\000K\000o\000n\000f\000i\000g\000u\000r\000a\000t\000i\000o\000n}{section.4}% 24
\BOOKMARK [2][-]{subsection.4.8}{\376\377\000\304\000n\000d\000e\000r\000n\000\040\000d\000e\000r\000\040\000I\000P\000-\000A\000d\000r\000e\000s\000s\000e\000\040\000d\000e\000s\000\040\000R\000o\000u\000t\000e\000r\000s}{section.4}% 25
\BOOKMARK [2][-]{subsection.4.9}{\376\377\000W\000a\000s\000\040\000b\000e\000d\000e\000u\000t\000e\000t\000\040\000/\0002\0004\000?}{section.4}% 26
\BOOKMARK [2][-]{subsection.4.10}{\376\377\000P\000i\000n\000g\000e\000n\000\040\000e\000i\000n\000e\000s\000\040\000R\000e\000c\000h\000n\000e\000r\000s\000\040\000i\000m\000\040\000H\000e\000i\000m\000n\000e\000t\000z\000w\000e\000r\000k}{section.4}% 27
\BOOKMARK [2][-]{subsection.4.11}{\376\377\000V\000P\000C\000S\000\040\000h\000i\000n\000z\000u\000f\000\374\000g\000e\000n\000\040\000u\000n\000d\000\040\000v\000e\000r\000b\000i\000n\000d\000e\000n}{section.4}% 28
\BOOKMARK [2][-]{subsection.4.12}{\376\377\000V\000e\000r\000b\000i\000n\000d\000u\000n\000g\000\040\000t\000e\000s\000t\000e\000n}{section.4}% 29
\BOOKMARK [2][-]{subsection.4.13}{\376\377\000D\000H\000C\000P\000-\000S\000e\000r\000v\000e\000r\000\040\000K\000o\000n\000f\000i\000g\000u\000r\000i\000e\000r\000e\000n}{section.4}% 30
\BOOKMARK [2][-]{subsection.4.14}{\376\377\000C\000o\000n\000f\000i\000g\000u\000r\000a\000t\000i\000o\000n\000\040\000d\000e\000r\000\040\000F\000i\000r\000e\000w\000a\000l\000l}{section.4}% 31
